<?xml version="1.0" encoding="UTF-8"?>
<!-- Generated by org.testng.reporters.JUnitReportReporter -->
<testsuite hostname="DESKTOP-084COBF" failures="0" tests="8" name="testsPack.Login" time="39.434" errors="0" timestamp="24 Nov 2024 06:59:55 GMT" skipped="0">
  <testcase classname="testsPack.Login" name="verifyLoginUsingValidCredentials" time="5.157"/>
  <testcase classname="testsPack.Login" name="verifyLoginUsingValidCredentials" time="5.312"/>
  <testcase classname="testsPack.Login" name="verifyLoginUsingValidCredentials" time="4.861"/>
  <testcase classname="testsPack.Login" name="verifyLoginUsingValidCredentials" time="5.038"/>
  <testcase classname="testsPack.Login" name="invalidCrendentials" time="4.849"/>
  <testcase classname="testsPack.Login" name="invalidEmail" time="5.085"/>
  <testcase classname="testsPack.Login" name="invalidPassword" time="4.436"/>
  <testcase classname="testsPack.Login" name="emptyCredentials" time="4.696"/>
</testsuite> <!-- testsPack.Login -->
