<?xml version="1.0" encoding="UTF-8"?>
<!-- Generated by org.testng.reporters.JUnitReportReporter -->
<testsuite hostname="DESKTOP-084COBF" failures="0" tests="8" name="testsPack.LoginTest" time="37.704" errors="0" timestamp="24 Nov 2024 08:19:03 GMT" skipped="0">
  <testcase classname="testsPack.LoginTest" name="verifyLoginUsingValidCredentials" time="5.119"/>
  <testcase classname="testsPack.LoginTest" name="verifyLoginUsingValidCredentials" time="5.061"/>
  <testcase classname="testsPack.LoginTest" name="verifyLoginUsingValidCredentials" time="4.818"/>
  <testcase classname="testsPack.LoginTest" name="verifyLoginUsingValidCredentials" time="4.823"/>
  <testcase classname="testsPack.LoginTest" name="invalidCrendentials" time="4.806"/>
  <testcase classname="testsPack.LoginTest" name="invalidEmail" time="4.399"/>
  <testcase classname="testsPack.LoginTest" name="invalidPassword" time="4.427"/>
  <testcase classname="testsPack.LoginTest" name="emptyCredentials" time="4.251"/>
</testsuite> <!-- testsPack.LoginTest -->
