<?xml version="1.0" encoding="UTF-8"?>
<!-- Generated by org.testng.reporters.JUnitReportReporter -->
<testsuite hostname="DESKTOP-084COBF" failures="0" tests="3" name="testsPack.Search" time="12.500" errors="0" timestamp="24 Nov 2024 06:59:55 GMT" skipped="0">
  <testcase classname="testsPack.Search" name="verifySearchWithExistingProduct" time="5.226"/>
  <testcase classname="testsPack.Search" name="verifySearchNonExistingProduct" time="3.743"/>
  <testcase classname="testsPack.Search" name="verifySearchWithoutProduct" time="3.531"/>
</testsuite> <!-- testsPack.Search -->
