<?xml version="1.0" encoding="UTF-8"?>
<!-- Generated by org.testng.reporters.JUnitReportReporter -->
<testsuite hostname="DESKTOP-084COBF" failures="0" tests="4" name="testsPack.RegisterTest" time="27.256" errors="0" timestamp="24 Nov 2024 08:19:03 GMT" skipped="0">
  <testcase classname="testsPack.RegisterTest" name="verifyRegisteringaccountsUsingAllFields" time="7.680"/>
  <testcase classname="testsPack.RegisterTest" name="verifyRegisteredAccounts" time="6.102"/>
  <testcase classname="testsPack.RegisterTest" name="verifyRegistrationBySayingNewsletterNo" time="6.423"/>
  <testcase classname="testsPack.RegisterTest" name="verifyRegistrationBySayingNewsletterYes" time="7.051"/>
</testsuite> <!-- testsPack.RegisterTest -->
