<?xml version="1.0" encoding="UTF-8"?>
<!-- Generated by org.testng.reporters.JUnitReportReporter -->
<testsuite hostname="DESKTOP-084COBF" failures="0" tests="3" name="testsPack.SearchTest" time="11.892" errors="0" timestamp="24 Nov 2024 08:19:03 GMT" skipped="0">
  <testcase classname="testsPack.SearchTest" name="verifySearchWithExistingProduct" time="4.859"/>
  <testcase classname="testsPack.SearchTest" name="verifySearchNonExistingProduct" time="3.613"/>
  <testcase classname="testsPack.SearchTest" name="verifySearchWithoutProduct" time="3.420"/>
</testsuite> <!-- testsPack.SearchTest -->
