<?xml version="1.0" encoding="UTF-8"?>
<!-- Generated by org.testng.reporters.JUnitReportReporter -->
<testsuite hostname="DESKTOP-084COBF" failures="0" tests="4" name="testsPack.RegisterDemo" time="33.056" errors="0" timestamp="2024-11-20T13:48:51 IST" skipped="0">
  <testcase classname="testsPack.RegisterDemo" name="verifyRegisteringaccountsUsingAllFields" time="7.015"/>
  <testcase classname="testsPack.RegisterDemo" name="verifyRegisteredAccounts" time="8.470"/>
  <testcase classname="testsPack.RegisterDemo" name="verifyRegistrationBySayingNewsletterNo" time="8.900"/>
  <testcase classname="testsPack.RegisterDemo" name="verifyRegistrationBySayingNewsletterYes" time="8.671"/>
</testsuite> <!-- testsPack.RegisterDemo -->
