<?xml version="1.0" encoding="UTF-8"?>
<!-- Generated by org.testng.reporters.JUnitReportReporter -->
<testsuite hostname="DESKTOP-084COBF" failures="0" tests="4" name="testsPack.Register" time="26.758" errors="0" timestamp="24 Nov 2024 06:59:55 GMT" skipped="0">
  <testcase classname="testsPack.Register" name="verifyRegisteringaccountsUsingAllFields" time="6.331"/>
  <testcase classname="testsPack.Register" name="verifyRegisteredAccounts" time="6.045"/>
  <testcase classname="testsPack.Register" name="verifyRegistrationBySayingNewsletterNo" time="7.043"/>
  <testcase classname="testsPack.Register" name="verifyRegistrationBySayingNewsletterYes" time="7.339"/>
</testsuite> <!-- testsPack.Register -->
