<?xml version="1.0" encoding="UTF-8"?>
<!-- Generated by org.testng.reporters.JUnitReportReporter -->
<testsuite hostname="DESKTOP-084COBF" failures="0" tests="8" name="testsPack.LoginTest" time="47.836" errors="0" timestamp="2024-11-25T12:10:22 IST" skipped="0">
  <testcase classname="testsPack.LoginTest" name="verifyLoginUsingValidCredentials" time="5.651"/>
  <testcase classname="testsPack.LoginTest" name="verifyLoginUsingValidCredentials" time="5.624"/>
  <testcase classname="testsPack.LoginTest" name="verifyLoginUsingValidCredentials" time="7.755"/>
  <testcase classname="testsPack.LoginTest" name="verifyLoginUsingValidCredentials" time="6.075"/>
  <testcase classname="testsPack.LoginTest" name="invalidCrendentials" time="6.229"/>
  <testcase classname="testsPack.LoginTest" name="invalidEmail" time="6.276"/>
  <testcase classname="testsPack.LoginTest" name="invalidPassword" time="5.508"/>
  <testcase classname="testsPack.LoginTest" name="emptyCredentials" time="4.718"/>
</testsuite> <!-- testsPack.LoginTest -->
