<?xml version="1.0" encoding="UTF-8"?>
<!-- Generated by org.testng.reporters.JUnitReportReporter -->
<testsuite hostname="DESKTOP-084COBF" failures="0" tests="3" name="testsPack.SearchTest" time="16.826" errors="0" timestamp="2024-11-25T12:10:22 IST" skipped="0">
  <testcase classname="testsPack.SearchTest" name="verifySearchWithExistingProduct" time="5.757"/>
  <testcase classname="testsPack.SearchTest" name="verifySearchNonExistingProduct" time="4.463"/>
  <testcase classname="testsPack.SearchTest" name="verifySearchWithoutProduct" time="6.606"/>
</testsuite> <!-- testsPack.SearchTest -->
