<?xml version="1.0" encoding="UTF-8"?>
<!-- Generated by org.testng.reporters.JUnitReportReporter -->
<testsuite hostname="DESKTOP-084COBF" failures="0" tests="4" name="testsPack.RegisterTest" time="35.511" errors="0" timestamp="2024-11-25T12:10:22 IST" skipped="0">
  <testcase classname="testsPack.RegisterTest" name="verifyRegisteringaccountsUsingAllFields" time="9.650"/>
  <testcase classname="testsPack.RegisterTest" name="verifyRegisteredAccounts" time="10.067"/>
  <testcase classname="testsPack.RegisterTest" name="verifyRegistrationBySayingNewsletterNo" time="7.755"/>
  <testcase classname="testsPack.RegisterTest" name="verifyRegistrationBySayingNewsletterYes" time="8.039"/>
</testsuite> <!-- testsPack.RegisterTest -->
